<?xml version="1.0" encoding="UTF-8"?>
<!-- Generated by org.testng.reporters.JUnitReportReporter -->
<testsuite hostname="LAPTOP-H5UIH76F" failures="0" tests="1" name="com.labdatest.TestNGTodo2" time="96.606" errors="0" timestamp="2023-10-18T11:04:40 BST" skipped="0">
  <testcase classname="com.labdatest.TestNGTodo2" name="basicTest" time="96.606"/>
  <system-out/>
</testsuite> <!-- com.labdatest.TestNGTodo2 -->
